[debug] [2026-06-02T06:01:50.394Z] ----------------------------------------------------------------------
[debug] [2026-06-02T06:01:50.396Z] Command:       /opt/homebrew/Cellar/node/26.0.0/bin/node /opt/homebrew/bin/firebase init
[debug] [2026-06-02T06:01:50.396Z] CLI Version:   15.19.0
[debug] [2026-06-02T06:01:50.396Z] Platform:      darwin
[debug] [2026-06-02T06:01:50.396Z] Node Version:  v26.0.0
[debug] [2026-06-02T06:01:50.396Z] Time:          Tue Jun 02 2026 11:31:50 GMT+0530 (India Standard Time)
[debug] [2026-06-02T06:01:50.396Z] ----------------------------------------------------------------------
[debug] 
[info] 
     ######## #### ########  ######## ########     ###     ######  ########
     ##        ##  ##     ## ##       ##     ##  ##   ##  ##       ##
     ######    ##  ########  ######   ########  #########  ######  ######
     ##        ##  ##    ##  ##       ##     ## ##     ##       ## ##
     ##       #### ##     ## ######## ########  ##     ##  ######  ########

You're about to initialize a Firebase project in this directory:

  /Users/eagle/Desktop/vishalkrsoni

[info] 
=== Project Setup
[info] 
[info] First, let's associate this project directory with a Firebase project.
[info] You can create multiple project aliases by running firebase use --add, 
[info] 
[debug] [2026-06-02T06:01:54.704Z] > command requires scopes: ["email","openid","https://www.googleapis.com/auth/cloudplatformprojects.readonly","https://www.googleapis.com/auth/firebase","https://www.googleapis.com/auth/cloud-platform"]
[debug] [2026-06-02T06:01:54.704Z] > authorizing via signed-in user (vishalkrsoni.work@gmail.com)
[debug] [2026-06-02T06:01:54.705Z] Checked if tokens are valid: true, expires at: 1780383696060
[debug] [2026-06-02T06:01:54.706Z] Checked if tokens are valid: true, expires at: 1780383696060
[debug] [2026-06-02T06:01:54.708Z] >>> [apiv2][query] GET https://firebase.googleapis.com/v1beta1/projects/vishalkrsoni-f119c [none]
[debug] [2026-06-02T06:01:55.462Z] <<< [apiv2][status] GET https://firebase.googleapis.com/v1beta1/projects/vishalkrsoni-f119c 403
[debug] [2026-06-02T06:01:55.462Z] <<< [apiv2][body] GET https://firebase.googleapis.com/v1beta1/projects/vishalkrsoni-f119c {"error":{"code":403,"message":"The caller does not have permission","status":"PERMISSION_DENIED"}}
[debug] [2026-06-02T06:01:55.463Z] Request to https://firebase.googleapis.com/v1beta1/projects/vishalkrsoni-f119c had HTTP Error: 403, The caller does not have permission
[debug] [2026-06-02T06:01:55.767Z] FirebaseError: Request to https://firebase.googleapis.com/v1beta1/projects/vishalkrsoni-f119c had HTTP Error: 403, The caller does not have permission
    at responseToError (/opt/homebrew/lib/node_modules/firebase-tools/lib/responseToError.js:53:12)
    at RetryOperation._fn (/opt/homebrew/lib/node_modules/firebase-tools/lib/apiv2.js:333:77)
    at process.processTicksAndRejections (node:internal/process/task_queues:104:5)
[error] 
[error] Error: Failed to get Firebase project vishalkrsoni-f119c. Please make sure the project exists and your account has permission to access it.
